Build started 15/07/2024 3:47:38 CH.
     1>Project "D:\Lessons\he\th_kithuatlaptrinh\week_01\BaiTapThucHanh\BaiTapThucHanh_TrenLop\2033210532_LeGiaLong_BaiThucHanh\2033210532_LeGiaLong_BaiThucHanh\2033210532_LeGiaLong_BaiThucHanh.vcxproj" on node 2 (Build target(s)).
     1>ClCompile:
         C:\Program Files (x86)\Microsoft Visual Studio 12.0\VC\bin\CL.exe /c /ZI /nologo /W3 /WX- /sdl- /Od /Oy- /D _MBCS /Gm /EHsc /RTC1 /MDd /GS /fp:precise /Zc:wchar_t /Zc:forScope /Fo"Debug\\" /Fd"Debug\vc120.pdb" /Gd /TP /analyze- /errorReport:prompt Bai_05.cpp Bai_06.cpp Bai_07.cpp Bai_08.cpp
         Bai_08.cpp
     1>d:\lessons\he\th_kithuatlaptrinh\week_01\baitapthuchanh\baitapthuchanh_trenlop\2033210532_legialong_baithuchanh\2033210532_legialong_baithuchanh\bai_08.cpp(25): warning C4996: 'scanf': This function or variable may be unsafe. Consider using scanf_s instead. To disable deprecation, use _CRT_SECURE_NO_WARNINGS. See online help for details.
                 c:\program files (x86)\microsoft visual studio 12.0\vc\include\stdio.h(283) : see declaration of 'scanf'
     1>d:\lessons\he\th_kithuatlaptrinh\week_01\baitapthuchanh\baitapthuchanh_trenlop\2033210532_legialong_baithuchanh\2033210532_legialong_baithuchanh\bai_08.cpp(27): warning C4996: 'scanf': This function or variable may be unsafe. Consider using scanf_s instead. To disable deprecation, use _CRT_SECURE_NO_WARNINGS. See online help for details.
                 c:\program files (x86)\microsoft visual studio 12.0\vc\include\stdio.h(283) : see declaration of 'scanf'
     1>d:\lessons\he\th_kithuatlaptrinh\week_01\baitapthuchanh\baitapthuchanh_trenlop\2033210532_legialong_baithuchanh\2033210532_legialong_baithuchanh\bai_08.cpp(122): warning C4996: 'scanf': This function or variable may be unsafe. Consider using scanf_s instead. To disable deprecation, use _CRT_SECURE_NO_WARNINGS. See online help for details.
                 c:\program files (x86)\microsoft visual studio 12.0\vc\include\stdio.h(283) : see declaration of 'scanf'
         Bai_07.cpp
     1>d:\lessons\he\th_kithuatlaptrinh\week_01\baitapthuchanh\baitapthuchanh_trenlop\2033210532_legialong_baithuchanh\2033210532_legialong_baithuchanh\bai_07.cpp(21): warning C4996: 'scanf': This function or variable may be unsafe. Consider using scanf_s instead. To disable deprecation, use _CRT_SECURE_NO_WARNINGS. See online help for details.
                 c:\program files (x86)\microsoft visual studio 12.0\vc\include\stdio.h(283) : see declaration of 'scanf'
     1>d:\lessons\he\th_kithuatlaptrinh\week_01\baitapthuchanh\baitapthuchanh_trenlop\2033210532_legialong_baithuchanh\2033210532_legialong_baithuchanh\bai_07.cpp(29): warning C4996: 'scanf': This function or variable may be unsafe. Consider using scanf_s instead. To disable deprecation, use _CRT_SECURE_NO_WARNINGS. See online help for details.
                 c:\program files (x86)\microsoft visual studio 12.0\vc\include\stdio.h(283) : see declaration of 'scanf'
     1>d:\lessons\he\th_kithuatlaptrinh\week_01\baitapthuchanh\baitapthuchanh_trenlop\2033210532_legialong_baithuchanh\2033210532_legialong_baithuchanh\bai_07.cpp(155): warning C4244: 'initializing' : conversion from 'double' to 'int', possible loss of data
         Bai_06.cpp
     1>d:\lessons\he\th_kithuatlaptrinh\week_01\baitapthuchanh\baitapthuchanh_trenlop\2033210532_legialong_baithuchanh\2033210532_legialong_baithuchanh\bai_06.cpp(70): warning C4996: 'scanf': This function or variable may be unsafe. Consider using scanf_s instead. To disable deprecation, use _CRT_SECURE_NO_WARNINGS. See online help for details.
                 c:\program files (x86)\microsoft visual studio 12.0\vc\include\stdio.h(283) : see declaration of 'scanf'
     1>d:\lessons\he\th_kithuatlaptrinh\week_01\baitapthuchanh\baitapthuchanh_trenlop\2033210532_legialong_baithuchanh\2033210532_legialong_baithuchanh\bai_06.cpp(72): warning C4996: 'scanf': This function or variable may be unsafe. Consider using scanf_s instead. To disable deprecation, use _CRT_SECURE_NO_WARNINGS. See online help for details.
                 c:\program files (x86)\microsoft visual studio 12.0\vc\include\stdio.h(283) : see declaration of 'scanf'
     1>d:\lessons\he\th_kithuatlaptrinh\week_01\baitapthuchanh\baitapthuchanh_trenlop\2033210532_legialong_baithuchanh\2033210532_legialong_baithuchanh\bai_06.cpp(74): warning C4996: 'scanf': This function or variable may be unsafe. Consider using scanf_s instead. To disable deprecation, use _CRT_SECURE_NO_WARNINGS. See online help for details.
                 c:\program files (x86)\microsoft visual studio 12.0\vc\include\stdio.h(283) : see declaration of 'scanf'
     1>d:\lessons\he\th_kithuatlaptrinh\week_01\baitapthuchanh\baitapthuchanh_trenlop\2033210532_legialong_baithuchanh\2033210532_legialong_baithuchanh\bai_06.cpp(77): warning C4996: 'scanf': This function or variable may be unsafe. Consider using scanf_s instead. To disable deprecation, use _CRT_SECURE_NO_WARNINGS. See online help for details.
                 c:\program files (x86)\microsoft visual studio 12.0\vc\include\stdio.h(283) : see declaration of 'scanf'
     1>d:\lessons\he\th_kithuatlaptrinh\week_01\baitapthuchanh\baitapthuchanh_trenlop\2033210532_legialong_baithuchanh\2033210532_legialong_baithuchanh\bai_06.cpp(83): warning C4996: 'localtime': This function or variable may be unsafe. Consider using localtime_s instead. To disable deprecation, use _CRT_SECURE_NO_WARNINGS. See online help for details.
                 c:\program files (x86)\microsoft visual studio 12.0\vc\include\time.inl(112) : see declaration of 'localtime'
         Bai_05.cpp
     1>d:\lessons\he\th_kithuatlaptrinh\week_01\baitapthuchanh\baitapthuchanh_trenlop\2033210532_legialong_baithuchanh\2033210532_legialong_baithuchanh\bai_05.cpp(15): warning C4996: 'scanf': This function or variable may be unsafe. Consider using scanf_s instead. To disable deprecation, use _CRT_SECURE_NO_WARNINGS. See online help for details.
                 c:\program files (x86)\microsoft visual studio 12.0\vc\include\stdio.h(283) : see declaration of 'scanf'
     1>d:\lessons\he\th_kithuatlaptrinh\week_01\baitapthuchanh\baitapthuchanh_trenlop\2033210532_legialong_baithuchanh\2033210532_legialong_baithuchanh\bai_05.cpp(20): warning C4996: 'scanf': This function or variable may be unsafe. Consider using scanf_s instead. To disable deprecation, use _CRT_SECURE_NO_WARNINGS. See online help for details.
                 c:\program files (x86)\microsoft visual studio 12.0\vc\include\stdio.h(283) : see declaration of 'scanf'
     1>d:\lessons\he\th_kithuatlaptrinh\week_01\baitapthuchanh\baitapthuchanh_trenlop\2033210532_legialong_baithuchanh\2033210532_legialong_baithuchanh\bai_05.cpp(26): warning C4996: 'scanf': This function or variable may be unsafe. Consider using scanf_s instead. To disable deprecation, use _CRT_SECURE_NO_WARNINGS. See online help for details.
                 c:\program files (x86)\microsoft visual studio 12.0\vc\include\stdio.h(283) : see declaration of 'scanf'
     1>d:\lessons\he\th_kithuatlaptrinh\week_01\baitapthuchanh\baitapthuchanh_trenlop\2033210532_legialong_baithuchanh\2033210532_legialong_baithuchanh\bai_05.cpp(31): warning C4996: 'scanf': This function or variable may be unsafe. Consider using scanf_s instead. To disable deprecation, use _CRT_SECURE_NO_WARNINGS. See online help for details.
                 c:\program files (x86)\microsoft visual studio 12.0\vc\include\stdio.h(283) : see declaration of 'scanf'
     1>d:\lessons\he\th_kithuatlaptrinh\week_01\baitapthuchanh\baitapthuchanh_trenlop\2033210532_legialong_baithuchanh\2033210532_legialong_baithuchanh\bai_05.cpp(37): warning C4996: 'scanf': This function or variable may be unsafe. Consider using scanf_s instead. To disable deprecation, use _CRT_SECURE_NO_WARNINGS. See online help for details.
                 c:\program files (x86)\microsoft visual studio 12.0\vc\include\stdio.h(283) : see declaration of 'scanf'
     1>d:\lessons\he\th_kithuatlaptrinh\week_01\baitapthuchanh\baitapthuchanh_trenlop\2033210532_legialong_baithuchanh\2033210532_legialong_baithuchanh\bai_05.cpp(42): warning C4996: 'scanf': This function or variable may be unsafe. Consider using scanf_s instead. To disable deprecation, use _CRT_SECURE_NO_WARNINGS. See online help for details.
                 c:\program files (x86)\microsoft visual studio 12.0\vc\include\stdio.h(283) : see declaration of 'scanf'
         Generating Code...
       Link:
         C:\Program Files (x86)\Microsoft Visual Studio 12.0\VC\bin\link.exe /ERRORREPORT:PROMPT /OUT:"D:\Lessons\he\th_kithuatlaptrinh\week_01\BaiTapThucHanh\BaiTapThucHanh_TrenLop\2033210532_LeGiaLong_BaiThucHanh\Debug\2033210532_LeGiaLong_BaiThucHanh.exe" /INCREMENTAL /NOLOGO kernel32.lib user32.lib gdi32.lib winspool.lib comdlg32.lib advapi32.lib shell32.lib ole32.lib oleaut32.lib uuid.lib odbc32.lib odbccp32.lib /MANIFEST /MANIFESTUAC:"level='asInvoker' uiAccess='false'" /manifest:embed /DEBUG /PDB:"D:\Lessons\he\th_kithuatlaptrinh\week_01\BaiTapThucHanh\BaiTapThucHanh_TrenLop\2033210532_LeGiaLong_BaiThucHanh\Debug\2033210532_LeGiaLong_BaiThucHanh.pdb" /TLBID:1 /DYNAMICBASE /NXCOMPAT /IMPLIB:"D:\Lessons\he\th_kithuatlaptrinh\week_01\BaiTapThucHanh\BaiTapThucHanh_TrenLop\2033210532_LeGiaLong_BaiThucHanh\Debug\2033210532_LeGiaLong_BaiThucHanh.lib" /MACHINE:X86 Debug\Bai_06.obj
         Debug\Bai_05.obj
         Debug\Bai_07.obj
         Debug\Bai_08.obj
     1>Bai_05.obj : error LNK2005: _main already defined in Bai_06.obj
     1>Bai_07.obj : error LNK2005: _main already defined in Bai_06.obj
     1>Bai_08.obj : error LNK2005: _main already defined in Bai_06.obj
     1>Bai_05.obj : error LNK2005: _main already defined in Bai_06.obj
     1>Bai_07.obj : error LNK2005: _main already defined in Bai_06.obj
     1>Bai_08.obj : error LNK2005: _main already defined in Bai_06.obj
     1>D:\Lessons\he\th_kithuatlaptrinh\week_01\BaiTapThucHanh\BaiTapThucHanh_TrenLop\2033210532_LeGiaLong_BaiThucHanh\Debug\2033210532_LeGiaLong_BaiThucHanh.exe : fatal error LNK1169: one or more multiply defined symbols found
     1>Done Building Project "D:\Lessons\he\th_kithuatlaptrinh\week_01\BaiTapThucHanh\BaiTapThucHanh_TrenLop\2033210532_LeGiaLong_BaiThucHanh\2033210532_LeGiaLong_BaiThucHanh\2033210532_LeGiaLong_BaiThucHanh.vcxproj" (Build target(s)) -- FAILED.

Build FAILED.

Time Elapsed 00:00:00.75
